2026-02-22 13:37:21,963 - DataIngestion - INFO - Starting data ingestion process...
2026-02-22 13:37:21,964 - DataIngestion - INFO - DataIngestor initialized with VectorDB
2026-02-22 13:37:21,964 - DataIngestion - INFO - Data ingestion completed successfully.
2026-02-22 13:37:22,198 - App - INFO - Flask app created with unique thread ID: 1f891d7e-c934-4ad2-853b-a723a3868de4
2026-02-22 13:37:33,878 - RAGAgent - INFO - RAG Retreiver Called.
2026-02-22 13:37:33,880 - RAGAgent - INFO - Vector Store Docs Retreived
2026-02-22 13:37:33,904 - RAGAgent - INFO - RAG Agent Built.
2026-02-22 13:37:33,904 - App - INFO - RAG Agent initialized with vector store.
2026-02-22 13:37:35,933 - DataIngestion - INFO - Starting data ingestion process...
2026-02-22 13:37:35,934 - DataIngestion - INFO - DataIngestor initialized with VectorDB
2026-02-22 13:37:35,934 - DataIngestion - INFO - Data ingestion completed successfully.
2026-02-22 13:37:36,057 - App - INFO - Flask app created with unique thread ID: 327625b8-0e2f-4a26-8d39-423b98f6c686
2026-02-22 13:37:43,005 - RAGAgent - INFO - RAG Retreiver Called.
2026-02-22 13:37:43,008 - RAGAgent - INFO - Vector Store Docs Retreived
2026-02-22 13:37:43,015 - RAGAgent - INFO - RAG Agent Built.
2026-02-22 13:37:43,015 - App - INFO - RAG Agent initialized with vector store.
2026-02-22 13:41:03,572 - DataIngestion - INFO - Starting data ingestion process...
2026-02-22 13:41:03,573 - DataIngestion - INFO - DataIngestor initialized with VectorDB
2026-02-22 13:41:03,573 - DataIngestion - INFO - Data ingestion completed successfully.
2026-02-22 13:41:03,696 - App - INFO - Flask app created with unique thread ID: 3dc5d2ac-93d6-4bfc-8cfa-9d8053203e60
2026-02-22 13:41:11,228 - RAGAgent - INFO - RAG Retreiver Called.
2026-02-22 13:41:11,230 - RAGAgent - INFO - Vector Store Docs Retreived
2026-02-22 13:41:11,235 - RAGAgent - INFO - RAG Agent Built.
2026-02-22 13:41:11,236 - App - INFO - RAG Agent initialized with vector store.
2026-02-22 13:41:13,085 - DataIngestion - INFO - Starting data ingestion process...
2026-02-22 13:41:13,086 - DataIngestion - INFO - DataIngestor initialized with VectorDB
2026-02-22 13:41:13,086 - DataIngestion - INFO - Data ingestion completed successfully.
2026-02-22 13:41:13,200 - App - INFO - Flask app created with unique thread ID: b4f078c0-64c9-4652-a621-e08c767d6fd9
2026-02-22 13:41:20,678 - RAGAgent - INFO - RAG Retreiver Called.
2026-02-22 13:41:20,680 - RAGAgent - INFO - Vector Store Docs Retreived
2026-02-22 13:41:20,685 - RAGAgent - INFO - RAG Agent Built.
2026-02-22 13:41:20,686 - App - INFO - RAG Agent initialized with vector store.
2026-02-22 13:42:14,894 - App - INFO - Received user input: hi
2026-02-22 13:42:14,895 - App - INFO - Generated response content: Hello! How can I assist you today? If you have any questions about products or need help with something specific, feel free to ask!
2026-02-22 13:42:14,896 - App - INFO - Final response to user: Hello! How can I assist you today? If you have any questions about products or need help with something specific, feel free to ask!
2026-02-22 13:43:10,975 - App - INFO - Received user input: hows the weather
2026-02-22 13:43:10,976 - App - INFO - Generated response content: I'm unable to check current weather conditions. For weather updates, I recommend checking a reliable weather service or app. Let me know if you need help with anything else!
2026-02-22 13:43:10,976 - App - INFO - Final response to user: I'm unable to check current weather conditions. For weather updates, I recommend checking a reliable weather service or app. Let me know if you need help with anything else!
2026-02-22 13:43:53,880 - DataIngestion - INFO - Starting data ingestion process...
2026-02-22 13:43:53,880 - DataIngestion - INFO - DataIngestor initialized with VectorDB
2026-02-22 13:43:53,881 - DataIngestion - INFO - Data ingestion completed successfully.
2026-02-22 13:43:54,001 - App - INFO - Flask app created with unique thread ID: 9d9d4ea5-5d32-425d-bda1-25e5ff1187cf
2026-02-22 13:44:01,225 - RAGAgent - INFO - RAG Retreiver Called.
2026-02-22 13:44:01,228 - RAGAgent - INFO - Vector Store Docs Retreived
2026-02-22 13:44:01,234 - RAGAgent - INFO - RAG Agent Built.
2026-02-22 13:44:01,234 - App - INFO - RAG Agent initialized with vector store.
2026-02-22 13:44:56,657 - DataIngestion - INFO - Starting data ingestion process...
2026-02-22 13:44:56,668 - DataIngestion - INFO - DataIngestor initialized with VectorDB
2026-02-22 13:44:56,669 - DataIngestion - INFO - Data ingestion completed successfully.
2026-02-22 13:44:56,773 - App - INFO - Flask app created with unique thread ID: 0a23da87-351a-4b35-a8af-0f5c51f210ef
2026-02-22 13:45:04,290 - RAGAgent - INFO - RAG Retreiver Called.
2026-02-22 13:45:04,293 - RAGAgent - INFO - Vector Store Docs Retreived
2026-02-22 13:45:04,298 - RAGAgent - INFO - RAG Agent Built.
2026-02-22 13:45:04,299 - App - INFO - RAG Agent initialized with vector store.
2026-02-22 13:45:06,100 - DataIngestion - INFO - Starting data ingestion process...
2026-02-22 13:45:06,100 - DataIngestion - INFO - DataIngestor initialized with VectorDB
2026-02-22 13:45:06,100 - DataIngestion - INFO - Data ingestion completed successfully.
2026-02-22 13:45:06,206 - App - INFO - Flask app created with unique thread ID: 514dd5d7-5089-4f8e-940a-bead2b6c22bd
2026-02-22 13:45:14,149 - RAGAgent - INFO - RAG Retreiver Called.
2026-02-22 13:45:14,152 - RAGAgent - INFO - Vector Store Docs Retreived
2026-02-22 13:45:14,160 - RAGAgent - INFO - RAG Agent Built.
2026-02-22 13:45:14,162 - App - INFO - RAG Agent initialized with vector store.
2026-02-22 13:45:15,042 - App - INFO - Received user input: hi
2026-02-22 13:45:15,043 - App - INFO - Generated response content: Hi! How can I assist you today? If you have any questions about products or need help with something specific, feel free to ask!
2026-02-22 13:45:15,043 - App - INFO - Final response to user: Hi! How can I assist you today? If you have any questions about products or need help with something specific, feel free to ask!
2026-02-22 13:45:41,561 - DataIngestion - INFO - Starting data ingestion process...
2026-02-22 13:45:41,561 - DataIngestion - INFO - DataIngestor initialized with VectorDB
2026-02-22 13:45:41,562 - DataIngestion - INFO - Data ingestion completed successfully.
2026-02-22 13:45:41,750 - App - INFO - Flask app created with unique thread ID: 7d0e7608-5cf3-410c-b015-0fa84ce8b911
2026-02-22 13:45:48,954 - RAGAgent - INFO - RAG Retreiver Called.
2026-02-22 13:45:48,957 - RAGAgent - INFO - Vector Store Docs Retreived
2026-02-22 13:45:48,962 - RAGAgent - INFO - RAG Agent Built.
2026-02-22 13:45:48,963 - App - INFO - RAG Agent initialized with vector store.
2026-02-22 13:46:41,719 - DataIngestion - INFO - Starting data ingestion process...
2026-02-22 13:46:41,720 - DataIngestion - INFO - DataIngestor initialized with VectorDB
2026-02-22 13:46:41,720 - DataIngestion - INFO - Data ingestion completed successfully.
2026-02-22 13:46:41,844 - App - INFO - Flask app created with unique thread ID: cae08d26-9bf7-4112-9859-582694f7abf5
2026-02-22 13:46:49,257 - RAGAgent - INFO - RAG Retreiver Called.
2026-02-22 13:46:49,260 - RAGAgent - INFO - Vector Store Docs Retreived
2026-02-22 13:46:49,265 - RAGAgent - INFO - RAG Agent Built.
2026-02-22 13:46:49,266 - App - INFO - RAG Agent initialized with vector store.
2026-02-22 13:46:56,869 - App - INFO - Received user input: hi
2026-02-22 13:46:56,870 - App - INFO - Generated response content: Hello! How can I assist you today?
2026-02-22 13:46:56,871 - App - INFO - Final response to user: <Response 55 bytes [200 OK]>
2026-02-22 13:47:44,770 - DataIngestion - INFO - Starting data ingestion process...
2026-02-22 13:47:44,771 - DataIngestion - INFO - DataIngestor initialized with VectorDB
2026-02-22 13:47:44,771 - DataIngestion - INFO - Data ingestion completed successfully.
2026-02-22 13:47:44,874 - App - INFO - Flask app created with unique thread ID: f029e2e5-08a7-480a-a4cc-e81e346e0dce
2026-02-22 13:47:56,168 - RAGAgent - INFO - RAG Retreiver Called.
2026-02-22 13:47:56,171 - RAGAgent - INFO - Vector Store Docs Retreived
2026-02-22 13:47:56,177 - RAGAgent - INFO - RAG Agent Built.
2026-02-22 13:47:56,177 - App - INFO - RAG Agent initialized with vector store.
2026-02-22 13:47:56,777 - App - INFO - Received user input: hi
2026-02-22 13:47:56,777 - App - INFO - Generated response content: Hello! How can I assist you today?
2026-02-22 13:47:56,777 - App - INFO - Final response to user: Hello! How can I assist you today?
2026-02-22 14:19:34,651 - DataIngestion - INFO - Starting data ingestion process...
2026-02-22 14:19:34,652 - DataIngestion - INFO - DataIngestor initialized with VectorDB
2026-02-22 14:19:34,652 - DataIngestion - INFO - Data ingestion completed successfully.
2026-02-22 14:19:34,773 - App - INFO - Flask app created with unique thread ID: 94a6d041-640d-42cb-9eff-5aefc6a78fa6
2026-02-22 14:19:42,820 - RAGAgent - INFO - RAG Retreiver Called.
2026-02-22 14:19:42,823 - RAGAgent - INFO - Vector Store Docs Retreived
2026-02-22 14:19:42,829 - RAGAgent - INFO - RAG Agent Built.
2026-02-22 14:19:42,829 - App - INFO - RAG Agent initialized with vector store.
2026-02-22 14:19:44,806 - DataIngestion - INFO - Starting data ingestion process...
2026-02-22 14:19:44,806 - DataIngestion - INFO - DataIngestor initialized with VectorDB
2026-02-22 14:19:44,807 - DataIngestion - INFO - Data ingestion completed successfully.
2026-02-22 14:19:44,913 - App - INFO - Flask app created with unique thread ID: 7fa538ce-c888-4d69-90bc-6cc83c230da3
2026-02-22 14:19:52,047 - RAGAgent - INFO - RAG Retreiver Called.
2026-02-22 14:19:52,049 - RAGAgent - INFO - Vector Store Docs Retreived
2026-02-22 14:19:52,056 - RAGAgent - INFO - RAG Agent Built.
2026-02-22 14:19:52,057 - App - INFO - RAG Agent initialized with vector store.
2026-02-22 14:21:11,291 - DataIngestion - INFO - Starting data ingestion process...
2026-02-22 14:21:11,292 - DataIngestion - INFO - DataIngestor initialized with VectorDB
2026-02-22 14:21:11,292 - DataIngestion - INFO - Data ingestion completed successfully.
2026-02-22 14:21:11,413 - App - INFO - Flask app created with unique thread ID: 0ec5dac6-0c43-4518-9d08-eabde034e52f
2026-02-22 14:21:18,859 - RAGAgent - INFO - RAG Retreiver Called.
2026-02-22 14:21:18,862 - RAGAgent - INFO - Vector Store Docs Retreived
2026-02-22 14:21:18,868 - RAGAgent - INFO - RAG Agent Built.
2026-02-22 14:21:18,868 - App - INFO - RAG Agent initialized with vector store.
2026-02-22 14:21:28,660 - DataIngestion - INFO - Starting data ingestion process...
2026-02-22 14:21:28,660 - DataIngestion - INFO - DataIngestor initialized with VectorDB
2026-02-22 14:21:28,661 - DataIngestion - INFO - Data ingestion completed successfully.
2026-02-22 14:21:28,769 - App - INFO - Flask app created with unique thread ID: 4c5d1feb-65d5-4906-b563-abd81a08bac4
2026-02-22 14:21:36,241 - RAGAgent - INFO - RAG Retreiver Called.
2026-02-22 14:21:36,243 - RAGAgent - INFO - Vector Store Docs Retreived
2026-02-22 14:21:36,252 - RAGAgent - INFO - RAG Agent Built.
2026-02-22 14:21:36,252 - App - INFO - RAG Agent initialized with vector store.
2026-02-22 14:21:40,686 - DataIngestion - INFO - Starting data ingestion process...
2026-02-22 14:21:40,686 - DataIngestion - INFO - DataIngestor initialized with VectorDB
2026-02-22 14:21:40,687 - DataIngestion - INFO - Data ingestion completed successfully.
2026-02-22 14:21:40,847 - App - INFO - Flask app created with unique thread ID: 922115b7-0671-40e0-b5ce-41f3f0d9937d
2026-02-22 14:21:48,110 - RAGAgent - INFO - RAG Retreiver Called.
2026-02-22 14:21:48,113 - RAGAgent - INFO - Vector Store Docs Retreived
2026-02-22 14:21:48,119 - RAGAgent - INFO - RAG Agent Built.
2026-02-22 14:21:48,119 - App - INFO - RAG Agent initialized with vector store.
2026-02-22 14:22:18,559 - DataIngestion - INFO - Starting data ingestion process...
2026-02-22 14:22:18,560 - DataIngestion - INFO - DataIngestor initialized with VectorDB
2026-02-22 14:22:18,560 - DataIngestion - INFO - Data ingestion completed successfully.
2026-02-22 14:22:18,699 - App - INFO - Flask app created with unique thread ID: 40c8f9cf-9019-40bf-bedd-e6f89cfdfe22
2026-02-22 14:22:26,566 - RAGAgent - INFO - RAG Retreiver Called.
2026-02-22 14:22:26,568 - RAGAgent - INFO - Vector Store Docs Retreived
2026-02-22 14:22:26,574 - RAGAgent - INFO - RAG Agent Built.
2026-02-22 14:22:26,575 - App - INFO - RAG Agent initialized with vector store.
2026-02-22 14:23:51,588 - DataIngestion - INFO - Starting data ingestion process...
2026-02-22 14:23:51,588 - DataIngestion - INFO - DataIngestor initialized with VectorDB
2026-02-22 14:23:51,589 - DataIngestion - INFO - Data ingestion completed successfully.
2026-02-22 14:23:51,720 - App - INFO - Flask app created with unique thread ID: 64825e37-a8c2-46ae-9c4a-61904a5b8ef2
2026-02-22 14:23:59,641 - RAGAgent - INFO - RAG Retreiver Called.
2026-02-22 14:23:59,644 - RAGAgent - INFO - Vector Store Docs Retreived
2026-02-22 14:23:59,650 - RAGAgent - INFO - RAG Agent Built.
2026-02-22 14:23:59,650 - App - INFO - RAG Agent initialized with vector store.
2026-02-22 14:24:29,967 - DataIngestion - INFO - Starting data ingestion process...
2026-02-22 14:24:29,967 - DataIngestion - INFO - DataIngestor initialized with VectorDB
2026-02-22 14:24:29,967 - DataIngestion - INFO - Data ingestion completed successfully.
2026-02-22 14:24:30,106 - App - INFO - Flask app created with unique thread ID: dfeeb2b1-edf4-4428-9dc7-3bd4826f89ed
2026-02-22 14:24:38,005 - RAGAgent - INFO - RAG Retreiver Called.
2026-02-22 14:24:38,009 - RAGAgent - INFO - Vector Store Docs Retreived
2026-02-22 14:24:38,018 - RAGAgent - INFO - RAG Agent Built.
2026-02-22 14:24:38,019 - App - INFO - RAG Agent initialized with vector store.
2026-02-22 14:26:01,127 - DataIngestion - INFO - Starting data ingestion process...
2026-02-22 14:26:01,127 - DataIngestion - INFO - DataIngestor initialized with VectorDB
2026-02-22 14:26:01,128 - DataIngestion - INFO - Data ingestion completed successfully.
2026-02-22 14:26:01,238 - App - INFO - Flask app created with unique thread ID: 91759dd4-1211-49b0-97c0-bb0dedb713d2
2026-02-22 14:26:09,055 - RAGAgent - INFO - RAG Retreiver Called.
2026-02-22 14:26:09,058 - RAGAgent - INFO - Vector Store Docs Retreived
2026-02-22 14:26:09,064 - RAGAgent - INFO - RAG Agent Built.
2026-02-22 14:26:09,064 - App - INFO - RAG Agent initialized with vector store.
2026-02-22 14:26:25,717 - App - INFO - Received user input: hi
2026-02-22 14:26:25,718 - App - INFO - Final response to user: Hi! Welcome to our e-commerce store. How can I assist you today?
2026-02-22 14:26:49,390 - App - INFO - Received user input: suggest good earphones
2026-02-22 14:26:51,851 - DataIngestion - INFO - Starting data ingestion process...
2026-02-22 14:26:51,852 - DataIngestion - INFO - DataIngestor initialized with VectorDB
2026-02-22 14:26:51,852 - DataIngestion - INFO - Data ingestion completed successfully.
2026-02-22 14:26:51,981 - App - INFO - Flask app created with unique thread ID: c43a3215-d313-484f-9726-ca1a6f719267
2026-02-22 14:27:01,733 - RAGAgent - INFO - RAG Retreiver Called.
2026-02-22 14:27:01,738 - RAGAgent - INFO - Vector Store Docs Retreived
2026-02-22 14:27:01,753 - RAGAgent - INFO - RAG Agent Built.
2026-02-22 14:27:01,753 - App - INFO - RAG Agent initialized with vector store.
2026-02-22 14:28:29,047 - DataIngestion - INFO - Starting data ingestion process...
2026-02-22 14:28:29,048 - DataIngestion - INFO - DataIngestor initialized with VectorDB
2026-02-22 14:28:29,048 - DataIngestion - INFO - Data ingestion completed successfully.
2026-02-22 14:28:29,213 - App - INFO - Flask app created with unique thread ID: f53594d9-c70c-4a2e-b98b-6b2a718d407a
2026-02-22 14:28:36,972 - RAGAgent - INFO - RAG Retreiver Called.
2026-02-22 14:28:36,974 - RAGAgent - INFO - Vector Store Docs Retreived
2026-02-22 14:28:36,980 - RAGAgent - INFO - RAG Agent Built.
2026-02-22 14:28:36,981 - App - INFO - RAG Agent initialized with vector store.
2026-02-22 14:28:47,394 - App - INFO - Received user input: hi
2026-02-22 14:28:47,395 - App - INFO - Final response to user: Hello! How can I assist you today?
2026-02-22 14:29:00,058 - App - INFO - Received user input: suggest good earphones
2026-02-22 14:29:13,831 - App - INFO - Received user input: suggest top 3
2026-02-22 14:31:02,897 - DataIngestion - INFO - Starting data ingestion process...
2026-02-22 14:31:02,897 - DataIngestion - INFO - DataIngestor initialized with VectorDB
2026-02-22 14:31:02,898 - DataIngestion - INFO - Data ingestion completed successfully.
2026-02-22 14:31:03,028 - App - INFO - Flask app created with unique thread ID: 3359ee17-8842-4978-ac98-fd53eb2d565a
2026-02-22 14:31:11,387 - RAGAgent - INFO - RAG Retreiver Called.
2026-02-22 14:31:11,390 - RAGAgent - INFO - Vector Store Docs Retreived
2026-02-22 14:31:11,398 - RAGAgent - INFO - RAG Agent Built.
2026-02-22 14:31:11,398 - App - INFO - RAG Agent initialized with vector store.
